<?xml version="1.0" encoding="UTF-8"?>
<testng-results skipped="0" failed="1" total="3" passed="2">
  <reporter-output>
  </reporter-output>
  <suite name="Default suite" duration-ms="2436320" started-at="2021-04-08T09:57:58Z" finished-at="2021-04-08T10:38:34Z">
    <groups>
    </groups>
    <test name="Default test" duration-ms="2436320" started-at="2021-04-08T09:57:58Z" finished-at="2021-04-08T10:38:34Z">
      <class name="com.testclasses.FAD_Page_Testing">
        <test-method status="PASS" signature="setReport()[pri:0, instance:com.testclasses.FAD_Page_Testing@42d3bd8b]" name="setReport" is-config="true" duration-ms="398" started-at="2021-04-08T15:27:58Z" finished-at="2021-04-08T15:27:58Z">
          <reporter-output>
          </reporter-output>
        </test-method> <!-- setReport -->
        <test-method status="PASS" signature="init()[pri:0, instance:com.testclasses.FAD_Page_Testing@42d3bd8b]" name="init" is-config="true" duration-ms="7616" started-at="2021-04-08T15:27:58Z" finished-at="2021-04-08T15:28:06Z">
          <reporter-output>
          </reporter-output>
        </test-method> <!-- init -->
        <test-method status="FAIL" signature="VerifyVIPProfiles(java.lang.String)[pri:0, instance:com.testclasses.FAD_Page_Testing@42d3bd8b]" name="VerifyVIPProfiles" duration-ms="85079" started-at="2021-04-08T15:28:06Z" data-provider="data-provider" finished-at="2021-04-08T15:29:31Z">
          <params>
            <param index="0">
              <value>
                <![CDATA[https://www.mountsinai.org/]]>
              </value>
            </param>
          </params>
          <exception class="org.openqa.selenium.TimeoutException">
            <message>
              <![CDATA[Expected condition failed: waiting for visibility of [[ChromeDriver: chrome on WINDOWS (0f2aaee30e41a815bb99888da6b1cf18)] -> xpath: //*[@id='resultSummary']/strong] (tried for 20 second(s) with 500 milliseconds interval)]]>
            </message>
            <full-stacktrace>
              <![CDATA[org.openqa.selenium.TimeoutException: Expected condition failed: waiting for visibility of [[ChromeDriver: chrome on WINDOWS (0f2aaee30e41a815bb99888da6b1cf18)] -> xpath: //*[@id='resultSummary']/strong] (tried for 20 second(s) with 500 milliseconds interval)
	at org.openqa.selenium.support.ui.WebDriverWait.timeoutException(WebDriverWait.java:113)
	at org.openqa.selenium.support.ui.FluentWait.until(FluentWait.java:283)
	at com.utils.CommonUtils.waitForVisible(CommonUtils.java:606)
	at com.pageobjects.FindADoctorPage.verifyVIPProfiles(FindADoctorPage.java:98)
	at com.testclasses.FAD_Page_Testing.VerifyVIPProfiles(FAD_Page_Testing.java:23)
	at sun.reflect.NativeMethodAccessorImpl.invoke0(Native Method)
	at sun.reflect.NativeMethodAccessorImpl.invoke(Unknown Source)
	at sun.reflect.DelegatingMethodAccessorImpl.invoke(Unknown Source)
	at java.lang.reflect.Method.invoke(Unknown Source)
	at org.testng.internal.MethodInvocationHelper.invokeMethod(MethodInvocationHelper.java:86)
	at org.testng.internal.Invoker.invokeMethod(Invoker.java:643)
	at org.testng.internal.Invoker.invokeTestMethod(Invoker.java:820)
	at org.testng.internal.Invoker.invokeTestMethods(Invoker.java:1128)
	at org.testng.internal.TestMethodWorker.invokeTestMethods(TestMethodWorker.java:129)
	at org.testng.internal.TestMethodWorker.run(TestMethodWorker.java:112)
	at org.testng.TestRunner.privateRun(TestRunner.java:782)
	at org.testng.TestRunner.run(TestRunner.java:632)
	at org.testng.SuiteRunner.runTest(SuiteRunner.java:366)
	at org.testng.SuiteRunner.runSequentially(SuiteRunner.java:361)
	at org.testng.SuiteRunner.privateRun(SuiteRunner.java:319)
	at org.testng.SuiteRunner.run(SuiteRunner.java:268)
	at org.testng.SuiteRunnerWorker.runSuite(SuiteRunnerWorker.java:52)
	at org.testng.SuiteRunnerWorker.run(SuiteRunnerWorker.java:86)
	at org.testng.TestNG.runSuitesSequentially(TestNG.java:1244)
	at org.testng.TestNG.runSuitesLocally(TestNG.java:1169)
	at org.testng.TestNG.run(TestNG.java:1064)
	at org.testng.remote.RemoteTestNG.run(RemoteTestNG.java:113)
	at org.testng.remote.RemoteTestNG.initAndRun(RemoteTestNG.java:206)
	at org.testng.remote.RemoteTestNG.main(RemoteTestNG.java:177)
Caused by: org.openqa.selenium.StaleElementReferenceException: stale element reference: element is not attached to the page document
  (Session info: chrome=89.0.4389.114)
For documentation on this error, please visit: http://seleniumhq.org/exceptions/stale_element_reference.html
Build info: version: '3.14.0', revision: 'aacccce0', time: '2018-08-02T20:19:58.91Z'
System info: host: 'GOD10963', ip: '10.254.176.177', os.name: 'Windows 10', os.arch: 'amd64', os.version: '10.0', java.version: '1.8.0_281'
Driver info: org.openqa.selenium.chrome.ChromeDriver
Capabilities {acceptInsecureCerts: false, browserName: chrome, browserVersion: 89.0.4389.114, chrome: {chromedriverVersion: 89.0.4389.23 (61b08ee2c5002..., userDataDir: C:\Users\SUPRIY~1\AppData\L...}, goog:chromeOptions: {debuggerAddress: localhost:55973}, javascriptEnabled: true, networkConnectionEnabled: false, pageLoadStrategy: normal, platform: WINDOWS, platformName: WINDOWS, proxy: Proxy(), setWindowRect: true, strictFileInteractability: false, timeouts: {implicit: 0, pageLoad: 300000, script: 30000}, unhandledPromptBehavior: dismiss and notify, webauthn:extension:largeBlob: true, webauthn:virtualAuthenticators: true}
Session ID: 0f2aaee30e41a815bb99888da6b1cf18
	at sun.reflect.NativeConstructorAccessorImpl.newInstance0(Native Method)
	at sun.reflect.NativeConstructorAccessorImpl.newInstance(Unknown Source)
	at sun.reflect.DelegatingConstructorAccessorImpl.newInstance(Unknown Source)
	at java.lang.reflect.Constructor.newInstance(Unknown Source)
	at org.openqa.selenium.remote.http.W3CHttpResponseCodec.createException(W3CHttpResponseCodec.java:187)
	at org.openqa.selenium.remote.http.W3CHttpResponseCodec.decode(W3CHttpResponseCodec.java:122)
	at org.openqa.selenium.remote.http.W3CHttpResponseCodec.decode(W3CHttpResponseCodec.java:49)
	at org.openqa.selenium.remote.HttpCommandExecutor.execute(HttpCommandExecutor.java:158)
	at org.openqa.selenium.remote.service.DriverCommandExecutor.execute(DriverCommandExecutor.java:83)
	at org.openqa.selenium.remote.RemoteWebDriver.execute(RemoteWebDriver.java:548)
	at org.openqa.selenium.remote.RemoteWebElement.execute(RemoteWebElement.java:276)
	at org.openqa.selenium.remote.RemoteWebElement.isDisplayed(RemoteWebElement.java:317)
	at sun.reflect.NativeMethodAccessorImpl.invoke0(Native Method)
	at sun.reflect.NativeMethodAccessorImpl.invoke(Unknown Source)
	at sun.reflect.DelegatingMethodAccessorImpl.invoke(Unknown Source)
	at java.lang.reflect.Method.invoke(Unknown Source)
	at org.openqa.selenium.support.pagefactory.internal.LocatingElementHandler.invoke(LocatingElementHandler.java:51)
	at com.sun.proxy.$Proxy13.isDisplayed(Unknown Source)
	at org.openqa.selenium.support.ui.ExpectedConditions.elementIfVisible(ExpectedConditions.java:315)
	at org.openqa.selenium.support.ui.ExpectedConditions.access$100(ExpectedConditions.java:44)
	at org.openqa.selenium.support.ui.ExpectedConditions$10.apply(ExpectedConditions.java:301)
	at org.openqa.selenium.support.ui.ExpectedConditions$10.apply(ExpectedConditions.java:298)
	at org.openqa.selenium.support.ui.FluentWait.until(FluentWait.java:260)
	... 27 more
]]>
            </full-stacktrace>
          </exception> <!-- org.openqa.selenium.TimeoutException -->
          <reporter-output>
          </reporter-output>
        </test-method> <!-- VerifyVIPProfiles -->
        <test-method status="PASS" signature="tearDown(org.testng.ITestResult)[pri:0, instance:com.testclasses.FAD_Page_Testing@42d3bd8b]" name="tearDown" is-config="true" duration-ms="530" started-at="2021-04-08T15:29:31Z" finished-at="2021-04-08T15:29:31Z">
          <params>
            <param index="0">
              <value>
                <![CDATA[[TestResult name=VerifyVIPProfiles status=FAILURE method=FAD_Page_Testing.VerifyVIPProfiles(java.lang.String)[pri:0, instance:com.testclasses.FAD_Page_Testing@42d3bd8b] output={null}]]]>
              </value>
            </param>
          </params>
          <reporter-output>
          </reporter-output>
        </test-method> <!-- tearDown -->
        <test-method status="PASS" signature="VerifyVIPProfiles(java.lang.String)[pri:0, instance:com.testclasses.FAD_Page_Testing@42d3bd8b]" name="VerifyVIPProfiles" duration-ms="1212336" started-at="2021-04-08T15:29:31Z" data-provider="data-provider" finished-at="2021-04-08T15:49:44Z">
          <params>
            <param index="0">
              <value>
                <![CDATA[http://mshs-prod-cds-1.ot.mountsinai.org/]]>
              </value>
            </param>
          </params>
          <reporter-output>
          </reporter-output>
        </test-method> <!-- VerifyVIPProfiles -->
        <test-method status="PASS" signature="VerifyVIPProfiles(java.lang.String)[pri:0, instance:com.testclasses.FAD_Page_Testing@42d3bd8b]" name="VerifyVIPProfiles" duration-ms="1124031" started-at="2021-04-08T15:49:44Z" data-provider="data-provider" finished-at="2021-04-08T16:08:28Z">
          <params>
            <param index="0">
              <value>
                <![CDATA[http://mshs-prod-cds-2.ot.mountsinai.org/]]>
              </value>
            </param>
          </params>
          <reporter-output>
          </reporter-output>
        </test-method> <!-- VerifyVIPProfiles -->
        <test-method status="PASS" signature="tearDown(org.testng.ITestResult)[pri:0, instance:com.testclasses.FAD_Page_Testing@42d3bd8b]" name="tearDown" is-config="true" duration-ms="0" started-at="2021-04-08T15:49:44Z" finished-at="2021-04-08T15:49:44Z">
          <params>
            <param index="0">
              <value>
                <![CDATA[[TestResult name=VerifyVIPProfiles status=SUCCESS method=FAD_Page_Testing.VerifyVIPProfiles(java.lang.String)[pri:0, instance:com.testclasses.FAD_Page_Testing@42d3bd8b] output={null}]]]>
              </value>
            </param>
          </params>
          <reporter-output>
          </reporter-output>
        </test-method> <!-- tearDown -->
        <test-method status="PASS" signature="tearDown(org.testng.ITestResult)[pri:0, instance:com.testclasses.FAD_Page_Testing@42d3bd8b]" name="tearDown" is-config="true" duration-ms="0" started-at="2021-04-08T16:08:28Z" finished-at="2021-04-08T16:08:28Z">
          <params>
            <param index="0">
              <value>
                <![CDATA[[TestResult name=VerifyVIPProfiles status=SUCCESS method=FAD_Page_Testing.VerifyVIPProfiles(java.lang.String)[pri:0, instance:com.testclasses.FAD_Page_Testing@42d3bd8b] output={null}]]]>
              </value>
            </param>
          </params>
          <reporter-output>
          </reporter-output>
        </test-method> <!-- tearDown -->
        <test-method status="PASS" signature="FinishTesting()[pri:0, instance:com.testclasses.FAD_Page_Testing@42d3bd8b]" name="FinishTesting" is-config="true" duration-ms="6414" started-at="2021-04-08T16:08:28Z" finished-at="2021-04-08T16:08:34Z">
          <reporter-output>
          </reporter-output>
        </test-method> <!-- FinishTesting -->
        <test-method status="PASS" signature="endReport()[pri:0, instance:com.testclasses.FAD_Page_Testing@42d3bd8b]" name="endReport" is-config="true" duration-ms="298" started-at="2021-04-08T16:08:34Z" finished-at="2021-04-08T16:08:34Z">
          <reporter-output>
          </reporter-output>
        </test-method> <!-- endReport -->
        <test-method status="PASS" signature="closeExtent()[pri:0, instance:com.testclasses.FAD_Page_Testing@42d3bd8b]" name="closeExtent" is-config="true" duration-ms="38" started-at="2021-04-08T16:08:34Z" finished-at="2021-04-08T16:08:34Z">
          <reporter-output>
          </reporter-output>
        </test-method> <!-- closeExtent -->
      </class> <!-- com.testclasses.FAD_Page_Testing -->
    </test> <!-- Default test -->
  </suite> <!-- Default suite -->
</testng-results>
